[0.352s] Invoking command in '/home/roushdy/torbedo/spawn_turtle_catch_game/spawnTurtleGame/src/turtle_game': PYTHONPATH=/home/roushdy/torbedo/spawn_turtle_catch_game/spawnTurtleGame/build/turtle_game/prefix_override:/usr/lib/python3/dist-packages/colcon_core/task/python/colcon_distutils_commands:/home/roushdy/torbedo/spawn_turtle_catch_game/spawnTurtleGame/install/turtle_game/lib/python3.10/site-packages:${PYTHONPATH} /usr/bin/python3 -W ignore:setup.py install is deprecated setup.py egg_info --egg-base ../../build/turtle_game build --build-base /home/roushdy/torbedo/spawn_turtle_catch_game/spawnTurtleGame/build/turtle_game/build install --record /home/roushdy/torbedo/spawn_turtle_catch_game/spawnTurtleGame/build/turtle_game/install.log --single-version-externally-managed install_data
[0.486s] running egg_info
[0.486s] writing ../../build/turtle_game/turtle_game.egg-info/PKG-INFO
[0.486s] writing dependency_links to ../../build/turtle_game/turtle_game.egg-info/dependency_links.txt
[0.486s] writing entry points to ../../build/turtle_game/turtle_game.egg-info/entry_points.txt
[0.486s] writing requirements to ../../build/turtle_game/turtle_game.egg-info/requires.txt
[0.486s] writing top-level names to ../../build/turtle_game/turtle_game.egg-info/top_level.txt
[0.488s] reading manifest file '../../build/turtle_game/turtle_game.egg-info/SOURCES.txt'
[0.488s] writing manifest file '../../build/turtle_game/turtle_game.egg-info/SOURCES.txt'
[0.488s] running build
[0.488s] running build_py
[0.488s] running install
[0.488s] running install_lib
[0.489s] running install_data
[0.489s] running install_egg_info
[0.490s] removing '/home/roushdy/torbedo/spawn_turtle_catch_game/spawnTurtleGame/install/turtle_game/lib/python3.10/site-packages/turtle_game-0.0.0-py3.10.egg-info' (and everything under it)
[0.491s] Copying ../../build/turtle_game/turtle_game.egg-info to /home/roushdy/torbedo/spawn_turtle_catch_game/spawnTurtleGame/install/turtle_game/lib/python3.10/site-packages/turtle_game-0.0.0-py3.10.egg-info
[0.491s] running install_scripts
[0.505s] Installing collision script to /home/roushdy/torbedo/spawn_turtle_catch_game/spawnTurtleGame/install/turtle_game/lib/turtle_game
[0.505s] Installing controller script to /home/roushdy/torbedo/spawn_turtle_catch_game/spawnTurtleGame/install/turtle_game/lib/turtle_game
[0.505s] Installing spawner script to /home/roushdy/torbedo/spawn_turtle_catch_game/spawnTurtleGame/install/turtle_game/lib/turtle_game
[0.505s] writing list of installed files to '/home/roushdy/torbedo/spawn_turtle_catch_game/spawnTurtleGame/build/turtle_game/install.log'
[0.521s] Invoked command in '/home/roushdy/torbedo/spawn_turtle_catch_game/spawnTurtleGame/src/turtle_game' returned '0': PYTHONPATH=/home/roushdy/torbedo/spawn_turtle_catch_game/spawnTurtleGame/build/turtle_game/prefix_override:/usr/lib/python3/dist-packages/colcon_core/task/python/colcon_distutils_commands:/home/roushdy/torbedo/spawn_turtle_catch_game/spawnTurtleGame/install/turtle_game/lib/python3.10/site-packages:${PYTHONPATH} /usr/bin/python3 -W ignore:setup.py install is deprecated setup.py egg_info --egg-base ../../build/turtle_game build --build-base /home/roushdy/torbedo/spawn_turtle_catch_game/spawnTurtleGame/build/turtle_game/build install --record /home/roushdy/torbedo/spawn_turtle_catch_game/spawnTurtleGame/build/turtle_game/install.log --single-version-externally-managed install_data
