running egg_info
writing ../../build/turtle_game/turtle_game.egg-info/PKG-INFO
writing dependency_links to ../../build/turtle_game/turtle_game.egg-info/dependency_links.txt
writing entry points to ../../build/turtle_game/turtle_game.egg-info/entry_points.txt
writing requirements to ../../build/turtle_game/turtle_game.egg-info/requires.txt
writing top-level names to ../../build/turtle_game/turtle_game.egg-info/top_level.txt
reading manifest file '../../build/turtle_game/turtle_game.egg-info/SOURCES.txt'
writing manifest file '../../build/turtle_game/turtle_game.egg-info/SOURCES.txt'
running build
running build_py
running install
running install_lib
running install_data
running install_egg_info
removing '/home/roushdy/torbedo/spawn_turtle_catch_game/spawnTurtleGame/install/turtle_game/lib/python3.10/site-packages/turtle_game-0.0.0-py3.10.egg-info' (and everything under it)
Copying ../../build/turtle_game/turtle_game.egg-info to /home/roushdy/torbedo/spawn_turtle_catch_game/spawnTurtleGame/install/turtle_game/lib/python3.10/site-packages/turtle_game-0.0.0-py3.10.egg-info
running install_scripts
Installing collision script to /home/roushdy/torbedo/spawn_turtle_catch_game/spawnTurtleGame/install/turtle_game/lib/turtle_game
Installing controller script to /home/roushdy/torbedo/spawn_turtle_catch_game/spawnTurtleGame/install/turtle_game/lib/turtle_game
Installing spawner script to /home/roushdy/torbedo/spawn_turtle_catch_game/spawnTurtleGame/install/turtle_game/lib/turtle_game
writing list of installed files to '/home/roushdy/torbedo/spawn_turtle_catch_game/spawnTurtleGame/build/turtle_game/install.log'
