[0.349s] Invoking command in '/home/roushdy/torbedo/spawn_turtle_catch_game/spawnTurtleGame/src/turtle_game': PYTHONPATH=/home/roushdy/torbedo/spawn_turtle_catch_game/spawnTurtleGame/src/turtle_game/build/turtle_game/prefix_override:/usr/lib/python3/dist-packages/colcon_core/task/python/colcon_distutils_commands:/home/roushdy/torbedo/spawn_turtle_catch_game/spawnTurtleGame/src/turtle_game/install/turtle_game/lib/python3.10/site-packages:${PYTHONPATH} /usr/bin/python3 -W ignore:setup.py install is deprecated setup.py egg_info --egg-base build/turtle_game build --build-base /home/roushdy/torbedo/spawn_turtle_catch_game/spawnTurtleGame/src/turtle_game/build/turtle_game/build install --record /home/roushdy/torbedo/spawn_turtle_catch_game/spawnTurtleGame/src/turtle_game/build/turtle_game/install.log --single-version-externally-managed install_data
[0.487s] running egg_info
[0.487s] creating build/turtle_game/turtle_game.egg-info
[0.487s] writing build/turtle_game/turtle_game.egg-info/PKG-INFO
[0.488s] writing dependency_links to build/turtle_game/turtle_game.egg-info/dependency_links.txt
[0.488s] writing entry points to build/turtle_game/turtle_game.egg-info/entry_points.txt
[0.488s] writing requirements to build/turtle_game/turtle_game.egg-info/requires.txt
[0.488s] writing top-level names to build/turtle_game/turtle_game.egg-info/top_level.txt
[0.488s] writing manifest file 'build/turtle_game/turtle_game.egg-info/SOURCES.txt'
[0.489s] reading manifest file 'build/turtle_game/turtle_game.egg-info/SOURCES.txt'
[0.489s] writing manifest file 'build/turtle_game/turtle_game.egg-info/SOURCES.txt'
[0.489s] running build
[0.489s] running build_py
[0.490s] creating /home/roushdy/torbedo/spawn_turtle_catch_game/spawnTurtleGame/src/turtle_game/build/turtle_game/build
[0.490s] creating /home/roushdy/torbedo/spawn_turtle_catch_game/spawnTurtleGame/src/turtle_game/build/turtle_game/build/lib
[0.490s] creating /home/roushdy/torbedo/spawn_turtle_catch_game/spawnTurtleGame/src/turtle_game/build/turtle_game/build/lib/turtle_game
[0.490s] copying turtle_game/__init__.py -> /home/roushdy/torbedo/spawn_turtle_catch_game/spawnTurtleGame/src/turtle_game/build/turtle_game/build/lib/turtle_game
[0.490s] copying turtle_game/base_turtle_controller.py -> /home/roushdy/torbedo/spawn_turtle_catch_game/spawnTurtleGame/src/turtle_game/build/turtle_game/build/lib/turtle_game
[0.490s] copying turtle_game/collision_detector.py -> /home/roushdy/torbedo/spawn_turtle_catch_game/spawnTurtleGame/src/turtle_game/build/turtle_game/build/lib/turtle_game
[0.490s] copying turtle_game/node1.py -> /home/roushdy/torbedo/spawn_turtle_catch_game/spawnTurtleGame/src/turtle_game/build/turtle_game/build/lib/turtle_game
[0.490s] copying turtle_game/turtle_spawner.py -> /home/roushdy/torbedo/spawn_turtle_catch_game/spawnTurtleGame/src/turtle_game/build/turtle_game/build/lib/turtle_game
[0.490s] running install
[0.490s] running install_lib
[0.491s] creating /home/roushdy/torbedo/spawn_turtle_catch_game/spawnTurtleGame/src/turtle_game/install/turtle_game/lib/python3.10/site-packages/turtle_game
[0.491s] copying /home/roushdy/torbedo/spawn_turtle_catch_game/spawnTurtleGame/src/turtle_game/build/turtle_game/build/lib/turtle_game/__init__.py -> /home/roushdy/torbedo/spawn_turtle_catch_game/spawnTurtleGame/src/turtle_game/install/turtle_game/lib/python3.10/site-packages/turtle_game
[0.491s] copying /home/roushdy/torbedo/spawn_turtle_catch_game/spawnTurtleGame/src/turtle_game/build/turtle_game/build/lib/turtle_game/base_turtle_controller.py -> /home/roushdy/torbedo/spawn_turtle_catch_game/spawnTurtleGame/src/turtle_game/install/turtle_game/lib/python3.10/site-packages/turtle_game
[0.491s] copying /home/roushdy/torbedo/spawn_turtle_catch_game/spawnTurtleGame/src/turtle_game/build/turtle_game/build/lib/turtle_game/collision_detector.py -> /home/roushdy/torbedo/spawn_turtle_catch_game/spawnTurtleGame/src/turtle_game/install/turtle_game/lib/python3.10/site-packages/turtle_game
[0.491s] copying /home/roushdy/torbedo/spawn_turtle_catch_game/spawnTurtleGame/src/turtle_game/build/turtle_game/build/lib/turtle_game/node1.py -> /home/roushdy/torbedo/spawn_turtle_catch_game/spawnTurtleGame/src/turtle_game/install/turtle_game/lib/python3.10/site-packages/turtle_game
[0.491s] copying /home/roushdy/torbedo/spawn_turtle_catch_game/spawnTurtleGame/src/turtle_game/build/turtle_game/build/lib/turtle_game/turtle_spawner.py -> /home/roushdy/torbedo/spawn_turtle_catch_game/spawnTurtleGame/src/turtle_game/install/turtle_game/lib/python3.10/site-packages/turtle_game
[0.491s] byte-compiling /home/roushdy/torbedo/spawn_turtle_catch_game/spawnTurtleGame/src/turtle_game/install/turtle_game/lib/python3.10/site-packages/turtle_game/__init__.py to __init__.cpython-310.pyc
[0.491s] byte-compiling /home/roushdy/torbedo/spawn_turtle_catch_game/spawnTurtleGame/src/turtle_game/install/turtle_game/lib/python3.10/site-packages/turtle_game/base_turtle_controller.py to base_turtle_controller.cpython-310.pyc
[0.491s] byte-compiling /home/roushdy/torbedo/spawn_turtle_catch_game/spawnTurtleGame/src/turtle_game/install/turtle_game/lib/python3.10/site-packages/turtle_game/collision_detector.py to collision_detector.cpython-310.pyc
[0.492s] byte-compiling /home/roushdy/torbedo/spawn_turtle_catch_game/spawnTurtleGame/src/turtle_game/install/turtle_game/lib/python3.10/site-packages/turtle_game/node1.py to node1.cpython-310.pyc
[0.492s] byte-compiling /home/roushdy/torbedo/spawn_turtle_catch_game/spawnTurtleGame/src/turtle_game/install/turtle_game/lib/python3.10/site-packages/turtle_game/turtle_spawner.py to turtle_spawner.cpython-310.pyc
[0.492s] running install_data
[0.492s] creating /home/roushdy/torbedo/spawn_turtle_catch_game/spawnTurtleGame/src/turtle_game/install/turtle_game/share/ament_index
[0.492s] creating /home/roushdy/torbedo/spawn_turtle_catch_game/spawnTurtleGame/src/turtle_game/install/turtle_game/share/ament_index/resource_index
[0.492s] creating /home/roushdy/torbedo/spawn_turtle_catch_game/spawnTurtleGame/src/turtle_game/install/turtle_game/share/ament_index/resource_index/packages
[0.492s] copying resource/turtle_game -> /home/roushdy/torbedo/spawn_turtle_catch_game/spawnTurtleGame/src/turtle_game/install/turtle_game/share/ament_index/resource_index/packages
[0.492s] copying package.xml -> /home/roushdy/torbedo/spawn_turtle_catch_game/spawnTurtleGame/src/turtle_game/install/turtle_game/share/turtle_game
[0.492s] running install_egg_info
[0.493s] Copying build/turtle_game/turtle_game.egg-info to /home/roushdy/torbedo/spawn_turtle_catch_game/spawnTurtleGame/src/turtle_game/install/turtle_game/lib/python3.10/site-packages/turtle_game-0.0.0-py3.10.egg-info
[0.494s] running install_scripts
[0.508s] Installing collision script to /home/roushdy/torbedo/spawn_turtle_catch_game/spawnTurtleGame/src/turtle_game/install/turtle_game/lib/turtle_game
[0.508s] Installing controller script to /home/roushdy/torbedo/spawn_turtle_catch_game/spawnTurtleGame/src/turtle_game/install/turtle_game/lib/turtle_game
[0.508s] Installing node1 script to /home/roushdy/torbedo/spawn_turtle_catch_game/spawnTurtleGame/src/turtle_game/install/turtle_game/lib/turtle_game
[0.508s] Installing spawner script to /home/roushdy/torbedo/spawn_turtle_catch_game/spawnTurtleGame/src/turtle_game/install/turtle_game/lib/turtle_game
[0.508s] writing list of installed files to '/home/roushdy/torbedo/spawn_turtle_catch_game/spawnTurtleGame/src/turtle_game/build/turtle_game/install.log'
[0.524s] Invoked command in '/home/roushdy/torbedo/spawn_turtle_catch_game/spawnTurtleGame/src/turtle_game' returned '0': PYTHONPATH=/home/roushdy/torbedo/spawn_turtle_catch_game/spawnTurtleGame/src/turtle_game/build/turtle_game/prefix_override:/usr/lib/python3/dist-packages/colcon_core/task/python/colcon_distutils_commands:/home/roushdy/torbedo/spawn_turtle_catch_game/spawnTurtleGame/src/turtle_game/install/turtle_game/lib/python3.10/site-packages:${PYTHONPATH} /usr/bin/python3 -W ignore:setup.py install is deprecated setup.py egg_info --egg-base build/turtle_game build --build-base /home/roushdy/torbedo/spawn_turtle_catch_game/spawnTurtleGame/src/turtle_game/build/turtle_game/build install --record /home/roushdy/torbedo/spawn_turtle_catch_game/spawnTurtleGame/src/turtle_game/build/turtle_game/install.log --single-version-externally-managed install_data
