[0.349s] Invoking command in '/home/roushdy/torbedo/spawn_turtle_catch_game/spawnTurtleGame/src/turtle_game': PYTHONPATH=/home/roushdy/torbedo/spawn_turtle_catch_game/spawnTurtleGame/build/turtle_game/prefix_override:/usr/lib/python3/dist-packages/colcon_core/task/python/colcon_distutils_commands:/home/roushdy/torbedo/spawn_turtle_catch_game/spawnTurtleGame/install/turtle_game/lib/python3.10/site-packages:${PYTHONPATH} /usr/bin/python3 -W ignore:setup.py install is deprecated setup.py egg_info --egg-base ../../build/turtle_game build --build-base /home/roushdy/torbedo/spawn_turtle_catch_game/spawnTurtleGame/build/turtle_game/build install --record /home/roushdy/torbedo/spawn_turtle_catch_game/spawnTurtleGame/build/turtle_game/install.log --single-version-externally-managed install_data
[0.483s] running egg_info
[0.483s] writing ../../build/turtle_game/turtle_game.egg-info/PKG-INFO
[0.484s] writing dependency_links to ../../build/turtle_game/turtle_game.egg-info/dependency_links.txt
[0.484s] writing entry points to ../../build/turtle_game/turtle_game.egg-info/entry_points.txt
[0.484s] writing requirements to ../../build/turtle_game/turtle_game.egg-info/requires.txt
[0.484s] writing top-level names to ../../build/turtle_game/turtle_game.egg-info/top_level.txt
[0.485s] reading manifest file '../../build/turtle_game/turtle_game.egg-info/SOURCES.txt'
[0.485s] writing manifest file '../../build/turtle_game/turtle_game.egg-info/SOURCES.txt'
[0.486s] running build
[0.486s] running build_py
[0.486s] copying turtle_game/base_turtle_controller.py -> /home/roushdy/torbedo/spawn_turtle_catch_game/spawnTurtleGame/build/turtle_game/build/lib/turtle_game
[0.486s] copying turtle_game/collision_detector.py -> /home/roushdy/torbedo/spawn_turtle_catch_game/spawnTurtleGame/build/turtle_game/build/lib/turtle_game
[0.486s] copying turtle_game/node1.py -> /home/roushdy/torbedo/spawn_turtle_catch_game/spawnTurtleGame/build/turtle_game/build/lib/turtle_game
[0.486s] copying turtle_game/turtle_spawner.py -> /home/roushdy/torbedo/spawn_turtle_catch_game/spawnTurtleGame/build/turtle_game/build/lib/turtle_game
[0.486s] running install
[0.486s] running install_lib
[0.487s] copying /home/roushdy/torbedo/spawn_turtle_catch_game/spawnTurtleGame/build/turtle_game/build/lib/turtle_game/base_turtle_controller.py -> /home/roushdy/torbedo/spawn_turtle_catch_game/spawnTurtleGame/install/turtle_game/lib/python3.10/site-packages/turtle_game
[0.487s] copying /home/roushdy/torbedo/spawn_turtle_catch_game/spawnTurtleGame/build/turtle_game/build/lib/turtle_game/collision_detector.py -> /home/roushdy/torbedo/spawn_turtle_catch_game/spawnTurtleGame/install/turtle_game/lib/python3.10/site-packages/turtle_game
[0.487s] copying /home/roushdy/torbedo/spawn_turtle_catch_game/spawnTurtleGame/build/turtle_game/build/lib/turtle_game/node1.py -> /home/roushdy/torbedo/spawn_turtle_catch_game/spawnTurtleGame/install/turtle_game/lib/python3.10/site-packages/turtle_game
[0.487s] copying /home/roushdy/torbedo/spawn_turtle_catch_game/spawnTurtleGame/build/turtle_game/build/lib/turtle_game/turtle_spawner.py -> /home/roushdy/torbedo/spawn_turtle_catch_game/spawnTurtleGame/install/turtle_game/lib/python3.10/site-packages/turtle_game
[0.487s] byte-compiling /home/roushdy/torbedo/spawn_turtle_catch_game/spawnTurtleGame/install/turtle_game/lib/python3.10/site-packages/turtle_game/base_turtle_controller.py to base_turtle_controller.cpython-310.pyc
[0.487s] byte-compiling /home/roushdy/torbedo/spawn_turtle_catch_game/spawnTurtleGame/install/turtle_game/lib/python3.10/site-packages/turtle_game/collision_detector.py to collision_detector.cpython-310.pyc
[0.488s] byte-compiling /home/roushdy/torbedo/spawn_turtle_catch_game/spawnTurtleGame/install/turtle_game/lib/python3.10/site-packages/turtle_game/node1.py to node1.cpython-310.pyc
[0.488s] byte-compiling /home/roushdy/torbedo/spawn_turtle_catch_game/spawnTurtleGame/install/turtle_game/lib/python3.10/site-packages/turtle_game/turtle_spawner.py to turtle_spawner.cpython-310.pyc
[0.488s] running install_data
[0.488s] running install_egg_info
[0.489s] removing '/home/roushdy/torbedo/spawn_turtle_catch_game/spawnTurtleGame/install/turtle_game/lib/python3.10/site-packages/turtle_game-0.0.0-py3.10.egg-info' (and everything under it)
[0.489s] Copying ../../build/turtle_game/turtle_game.egg-info to /home/roushdy/torbedo/spawn_turtle_catch_game/spawnTurtleGame/install/turtle_game/lib/python3.10/site-packages/turtle_game-0.0.0-py3.10.egg-info
[0.490s] running install_scripts
[0.503s] Installing node1      = turtle_game.node1:maincontroller = turtle_game.base_turtle_controller:mainspawner    = turtle_game.turtle_spawner:maincollision script to /home/roushdy/torbedo/spawn_turtle_catch_game/spawnTurtleGame/install/turtle_game/lib/turtle_game
[0.504s] writing list of installed files to '/home/roushdy/torbedo/spawn_turtle_catch_game/spawnTurtleGame/build/turtle_game/install.log'
[0.519s] Invoked command in '/home/roushdy/torbedo/spawn_turtle_catch_game/spawnTurtleGame/src/turtle_game' returned '0': PYTHONPATH=/home/roushdy/torbedo/spawn_turtle_catch_game/spawnTurtleGame/build/turtle_game/prefix_override:/usr/lib/python3/dist-packages/colcon_core/task/python/colcon_distutils_commands:/home/roushdy/torbedo/spawn_turtle_catch_game/spawnTurtleGame/install/turtle_game/lib/python3.10/site-packages:${PYTHONPATH} /usr/bin/python3 -W ignore:setup.py install is deprecated setup.py egg_info --egg-base ../../build/turtle_game build --build-base /home/roushdy/torbedo/spawn_turtle_catch_game/spawnTurtleGame/build/turtle_game/build install --record /home/roushdy/torbedo/spawn_turtle_catch_game/spawnTurtleGame/build/turtle_game/install.log --single-version-externally-managed install_data
