running develop
/usr/lib/python3/dist-packages/setuptools/command/easy_install.py:158: EasyInstallDeprecationWarning: easy_install command is deprecated. Use build and pip and other standards-based tools.
  warnings.warn(
Removing /home/roushdy/torbedo/spawn_turtle_catch_game/spawnTurtleGame/install/turtle_game/lib/python3.10/site-packages/turtle-game.egg-link (link to .)
running egg_info
writing ../../build/turtle_game/turtle_game.egg-info/PKG-INFO
writing dependency_links to ../../build/turtle_game/turtle_game.egg-info/dependency_links.txt
writing entry points to ../../build/turtle_game/turtle_game.egg-info/entry_points.txt
writing requirements to ../../build/turtle_game/turtle_game.egg-info/requires.txt
writing top-level names to ../../build/turtle_game/turtle_game.egg-info/top_level.txt
reading manifest file '../../build/turtle_game/turtle_game.egg-info/SOURCES.txt'
writing manifest file '../../build/turtle_game/turtle_game.egg-info/SOURCES.txt'
running build
running build_py
copying turtle_game/node1.py -> /home/roushdy/torbedo/spawn_turtle_catch_game/spawnTurtleGame/build/turtle_game/build/lib/turtle_game
running install
running install_lib
creating /home/roushdy/torbedo/spawn_turtle_catch_game/spawnTurtleGame/install/turtle_game/lib/python3.10/site-packages/turtle_game
copying /home/roushdy/torbedo/spawn_turtle_catch_game/spawnTurtleGame/build/turtle_game/build/lib/turtle_game/__init__.py -> /home/roushdy/torbedo/spawn_turtle_catch_game/spawnTurtleGame/install/turtle_game/lib/python3.10/site-packages/turtle_game
copying /home/roushdy/torbedo/spawn_turtle_catch_game/spawnTurtleGame/build/turtle_game/build/lib/turtle_game/node1.py -> /home/roushdy/torbedo/spawn_turtle_catch_game/spawnTurtleGame/install/turtle_game/lib/python3.10/site-packages/turtle_game
byte-compiling /home/roushdy/torbedo/spawn_turtle_catch_game/spawnTurtleGame/install/turtle_game/lib/python3.10/site-packages/turtle_game/__init__.py to __init__.cpython-310.pyc
byte-compiling /home/roushdy/torbedo/spawn_turtle_catch_game/spawnTurtleGame/install/turtle_game/lib/python3.10/site-packages/turtle_game/node1.py to node1.cpython-310.pyc
running install_data
copying resource/turtle_game -> /home/roushdy/torbedo/spawn_turtle_catch_game/spawnTurtleGame/install/turtle_game/share/ament_index/resource_index/packages
copying package.xml -> /home/roushdy/torbedo/spawn_turtle_catch_game/spawnTurtleGame/install/turtle_game/share/turtle_game
running install_egg_info
Copying ../../build/turtle_game/turtle_game.egg-info to /home/roushdy/torbedo/spawn_turtle_catch_game/spawnTurtleGame/install/turtle_game/lib/python3.10/site-packages/turtle_game-0.0.0-py3.10.egg-info
running install_scripts
Installing node1 script to /home/roushdy/torbedo/spawn_turtle_catch_game/spawnTurtleGame/install/turtle_game/lib/turtle_game
writing list of installed files to '/home/roushdy/torbedo/spawn_turtle_catch_game/spawnTurtleGame/build/turtle_game/install.log'
