running egg_info
creating ../../build/turtle_game/turtle_game.egg-info
writing ../../build/turtle_game/turtle_game.egg-info/PKG-INFO
writing dependency_links to ../../build/turtle_game/turtle_game.egg-info/dependency_links.txt
writing entry points to ../../build/turtle_game/turtle_game.egg-info/entry_points.txt
writing requirements to ../../build/turtle_game/turtle_game.egg-info/requires.txt
writing top-level names to ../../build/turtle_game/turtle_game.egg-info/top_level.txt
writing manifest file '../../build/turtle_game/turtle_game.egg-info/SOURCES.txt'
reading manifest file '../../build/turtle_game/turtle_game.egg-info/SOURCES.txt'
writing manifest file '../../build/turtle_game/turtle_game.egg-info/SOURCES.txt'
running build
running build_py
creating /home/roushdy/torbedo/spawn_turtle_catch_game/spawnTurtleGame/build/turtle_game/build
creating /home/roushdy/torbedo/spawn_turtle_catch_game/spawnTurtleGame/build/turtle_game/build/lib
creating /home/roushdy/torbedo/spawn_turtle_catch_game/spawnTurtleGame/build/turtle_game/build/lib/turtle_game
copying turtle_game/__init__.py -> /home/roushdy/torbedo/spawn_turtle_catch_game/spawnTurtleGame/build/turtle_game/build/lib/turtle_game
running install
running install_lib
creating /home/roushdy/torbedo/spawn_turtle_catch_game/spawnTurtleGame/install/turtle_game/lib/python3.10/site-packages/turtle_game
copying /home/roushdy/torbedo/spawn_turtle_catch_game/spawnTurtleGame/build/turtle_game/build/lib/turtle_game/__init__.py -> /home/roushdy/torbedo/spawn_turtle_catch_game/spawnTurtleGame/install/turtle_game/lib/python3.10/site-packages/turtle_game
byte-compiling /home/roushdy/torbedo/spawn_turtle_catch_game/spawnTurtleGame/install/turtle_game/lib/python3.10/site-packages/turtle_game/__init__.py to __init__.cpython-310.pyc
running install_data
creating /home/roushdy/torbedo/spawn_turtle_catch_game/spawnTurtleGame/install/turtle_game/share/ament_index
creating /home/roushdy/torbedo/spawn_turtle_catch_game/spawnTurtleGame/install/turtle_game/share/ament_index/resource_index
creating /home/roushdy/torbedo/spawn_turtle_catch_game/spawnTurtleGame/install/turtle_game/share/ament_index/resource_index/packages
copying resource/turtle_game -> /home/roushdy/torbedo/spawn_turtle_catch_game/spawnTurtleGame/install/turtle_game/share/ament_index/resource_index/packages
copying package.xml -> /home/roushdy/torbedo/spawn_turtle_catch_game/spawnTurtleGame/install/turtle_game/share/turtle_game
running install_egg_info
Copying ../../build/turtle_game/turtle_game.egg-info to /home/roushdy/torbedo/spawn_turtle_catch_game/spawnTurtleGame/install/turtle_game/lib/python3.10/site-packages/turtle_game-0.0.0-py3.10.egg-info
running install_scripts
writing list of installed files to '/home/roushdy/torbedo/spawn_turtle_catch_game/spawnTurtleGame/build/turtle_game/install.log'
