[0.362s] Invoking command in '/home/roushdy/torbedo/spawn_turtle_catch_game/spawnTurtleGame/src/turtle_game': PYTHONPATH=/home/roushdy/torbedo/spawn_turtle_catch_game/spawnTurtleGame/build/turtle_game/prefix_override:/usr/lib/python3/dist-packages/colcon_core/task/python/colcon_distutils_commands:/home/roushdy/torbedo/spawn_turtle_catch_game/spawnTurtleGame/install/turtle_game/lib/python3.10/site-packages:${PYTHONPATH} /usr/bin/python3 -W ignore:setup.py install is deprecated setup.py egg_info --egg-base ../../build/turtle_game build --build-base /home/roushdy/torbedo/spawn_turtle_catch_game/spawnTurtleGame/build/turtle_game/build install --record /home/roushdy/torbedo/spawn_turtle_catch_game/spawnTurtleGame/build/turtle_game/install.log --single-version-externally-managed install_data
[0.493s] running egg_info
[0.494s] creating ../../build/turtle_game/turtle_game.egg-info
[0.494s] writing ../../build/turtle_game/turtle_game.egg-info/PKG-INFO
[0.494s] writing dependency_links to ../../build/turtle_game/turtle_game.egg-info/dependency_links.txt
[0.494s] writing entry points to ../../build/turtle_game/turtle_game.egg-info/entry_points.txt
[0.494s] writing requirements to ../../build/turtle_game/turtle_game.egg-info/requires.txt
[0.494s] writing top-level names to ../../build/turtle_game/turtle_game.egg-info/top_level.txt
[0.494s] writing manifest file '../../build/turtle_game/turtle_game.egg-info/SOURCES.txt'
[0.495s] reading manifest file '../../build/turtle_game/turtle_game.egg-info/SOURCES.txt'
[0.496s] writing manifest file '../../build/turtle_game/turtle_game.egg-info/SOURCES.txt'
[0.496s] running build
[0.496s] running build_py
[0.496s] creating /home/roushdy/torbedo/spawn_turtle_catch_game/spawnTurtleGame/build/turtle_game/build
[0.496s] creating /home/roushdy/torbedo/spawn_turtle_catch_game/spawnTurtleGame/build/turtle_game/build/lib
[0.496s] creating /home/roushdy/torbedo/spawn_turtle_catch_game/spawnTurtleGame/build/turtle_game/build/lib/turtle_game
[0.496s] copying turtle_game/__init__.py -> /home/roushdy/torbedo/spawn_turtle_catch_game/spawnTurtleGame/build/turtle_game/build/lib/turtle_game
[0.496s] running install
[0.496s] running install_lib
[0.497s] creating /home/roushdy/torbedo/spawn_turtle_catch_game/spawnTurtleGame/install/turtle_game/lib/python3.10/site-packages/turtle_game
[0.497s] copying /home/roushdy/torbedo/spawn_turtle_catch_game/spawnTurtleGame/build/turtle_game/build/lib/turtle_game/__init__.py -> /home/roushdy/torbedo/spawn_turtle_catch_game/spawnTurtleGame/install/turtle_game/lib/python3.10/site-packages/turtle_game
[0.497s] byte-compiling /home/roushdy/torbedo/spawn_turtle_catch_game/spawnTurtleGame/install/turtle_game/lib/python3.10/site-packages/turtle_game/__init__.py to __init__.cpython-310.pyc
[0.497s] running install_data
[0.497s] creating /home/roushdy/torbedo/spawn_turtle_catch_game/spawnTurtleGame/install/turtle_game/share/ament_index
[0.497s] creating /home/roushdy/torbedo/spawn_turtle_catch_game/spawnTurtleGame/install/turtle_game/share/ament_index/resource_index
[0.497s] creating /home/roushdy/torbedo/spawn_turtle_catch_game/spawnTurtleGame/install/turtle_game/share/ament_index/resource_index/packages
[0.497s] copying resource/turtle_game -> /home/roushdy/torbedo/spawn_turtle_catch_game/spawnTurtleGame/install/turtle_game/share/ament_index/resource_index/packages
[0.497s] copying package.xml -> /home/roushdy/torbedo/spawn_turtle_catch_game/spawnTurtleGame/install/turtle_game/share/turtle_game
[0.497s] running install_egg_info
[0.498s] Copying ../../build/turtle_game/turtle_game.egg-info to /home/roushdy/torbedo/spawn_turtle_catch_game/spawnTurtleGame/install/turtle_game/lib/python3.10/site-packages/turtle_game-0.0.0-py3.10.egg-info
[0.499s] running install_scripts
[0.512s] writing list of installed files to '/home/roushdy/torbedo/spawn_turtle_catch_game/spawnTurtleGame/build/turtle_game/install.log'
[0.526s] Invoked command in '/home/roushdy/torbedo/spawn_turtle_catch_game/spawnTurtleGame/src/turtle_game' returned '0': PYTHONPATH=/home/roushdy/torbedo/spawn_turtle_catch_game/spawnTurtleGame/build/turtle_game/prefix_override:/usr/lib/python3/dist-packages/colcon_core/task/python/colcon_distutils_commands:/home/roushdy/torbedo/spawn_turtle_catch_game/spawnTurtleGame/install/turtle_game/lib/python3.10/site-packages:${PYTHONPATH} /usr/bin/python3 -W ignore:setup.py install is deprecated setup.py egg_info --egg-base ../../build/turtle_game build --build-base /home/roushdy/torbedo/spawn_turtle_catch_game/spawnTurtleGame/build/turtle_game/build install --record /home/roushdy/torbedo/spawn_turtle_catch_game/spawnTurtleGame/build/turtle_game/install.log --single-version-externally-managed install_data
